app/build/intermediates/manifest_merge_blame_file/release/manifest-merger-blame-release-report.txt
1<?xml version="1.0" encoding="utf-8"?>
2<manifest xmlns:android="http://schemas.android.com/apk/res/android"
3    package="com.palma.minimal.launcher"
4    android:versionCode="15"
5    android:versionName="1.4.0" >
6
7    <uses-sdk
8        android:minSdkVersion="26"
9        android:targetSdkVersion="35" />
10
11    <uses-permission android:name="android.permission.SET_WALLPAPER" />
11-->src\main\AndroidManifest.xml:5:5-72
11-->src\main\AndroidManifest.xml:5:22-69
12
13    <queries>
13-->src\main\AndroidManifest.xml:7:5-27:15
14        <intent>
14-->src\main\AndroidManifest.xml:8:9-11:18
15            <action android:name="android.intent.action.MAIN" />
15-->src\main\AndroidManifest.xml:9:13-65
15-->src\main\AndroidManifest.xml:9:21-62
16
17            <category android:name="android.intent.category.LAUNCHER" />
17-->src\main\AndroidManifest.xml:10:13-73
17-->src\main\AndroidManifest.xml:10:23-70
18        </intent>
19        <intent>
19-->src\main\AndroidManifest.xml:12:9-14:18
20            <action android:name="com.novalauncher.THEME" />
20-->src\main\AndroidManifest.xml:13:13-61
20-->src\main\AndroidManifest.xml:13:21-58
21        </intent>
22        <intent>
22-->src\main\AndroidManifest.xml:15:9-17:18
23            <action android:name="com.teslacoilsw.launcher.THEME" />
23-->src\main\AndroidManifest.xml:16:13-69
23-->src\main\AndroidManifest.xml:16:21-66
24        </intent>
25        <intent>
25-->src\main\AndroidManifest.xml:18:9-20:18
26            <action android:name="org.adw.launcher.THEMES" />
26-->src\main\AndroidManifest.xml:19:13-62
26-->src\main\AndroidManifest.xml:19:21-59
27        </intent>
28        <intent>
28-->src\main\AndroidManifest.xml:21:9-23:18
29            <action android:name="com.gau.go.launcherex.theme" />
29-->src\main\AndroidManifest.xml:22:13-66
29-->src\main\AndroidManifest.xml:22:21-63
30        </intent>
31        <intent>
31-->src\main\AndroidManifest.xml:24:9-26:18
32            <action android:name="org.adw.launcher.icons.ACTION_PICK_ICON" />
32-->src\main\AndroidManifest.xml:25:13-78
32-->src\main\AndroidManifest.xml:25:21-75
33        </intent>
34    </queries>
35
36    <permission
36-->[androidx.core:core:1.12.0] AndroidManifest.xml:22:5-24:47
37        android:name="com.palma.minimal.launcher.DYNAMIC_RECEIVER_NOT_EXPORTED_PERMISSION"
37-->[androidx.core:core:1.12.0] AndroidManifest.xml:23:9-81
38        android:protectionLevel="signature" />
38-->[androidx.core:core:1.12.0] AndroidManifest.xml:24:9-44
39
40    <uses-permission android:name="com.palma.minimal.launcher.DYNAMIC_RECEIVER_NOT_EXPORTED_PERMISSION" />
40-->[androidx.core:core:1.12.0] AndroidManifest.xml:26:5-97
40-->[androidx.core:core:1.12.0] AndroidManifest.xml:26:22-94
41
42    <application
42-->src\main\AndroidManifest.xml:29:5-66:19
43        android:allowBackup="true"
43-->src\main\AndroidManifest.xml:30:9-35
44        android:appComponentFactory="androidx.core.app.CoreComponentFactory"
44-->[androidx.core:core:1.12.0] AndroidManifest.xml:28:18-86
45        android:extractNativeLibs="false"
46        android:icon="@mipmap/ic_launcher"
46-->src\main\AndroidManifest.xml:31:9-43
47        android:label="Minimal E-ink Launcher"
47-->src\main\AndroidManifest.xml:32:9-47
48        android:roundIcon="@mipmap/ic_launcher_round"
48-->src\main\AndroidManifest.xml:33:9-54
49        android:supportsRtl="true"
49-->src\main\AndroidManifest.xml:34:9-35
50        android:theme="@style/Theme.EinkLauncher" >
50-->src\main\AndroidManifest.xml:35:9-50
51        <activity
51-->src\main\AndroidManifest.xml:38:9-52:20
52            android:name="com.palma.minimal.launcher.MainActivity"
52-->src\main\AndroidManifest.xml:39:13-41
53            android:clearTaskOnLaunch="true"
53-->src\main\AndroidManifest.xml:42:13-45
54            android:configChanges="keyboard|keyboardHidden|orientation|screenSize|screenLayout|smallestScreenSize|uiMode|density|layoutDirection"
54-->src\main\AndroidManifest.xml:44:13-146
55            android:exported="true"
55-->src\main\AndroidManifest.xml:40:13-36
56            android:launchMode="singleTask"
56-->src\main\AndroidManifest.xml:41:13-44
57            android:stateNotNeeded="true"
57-->src\main\AndroidManifest.xml:45:13-42
58            android:taskAffinity="" >
58-->src\main\AndroidManifest.xml:43:13-36
59            <intent-filter>
59-->src\main\AndroidManifest.xml:46:13-51:29
60                <action android:name="android.intent.action.MAIN" />
60-->src\main\AndroidManifest.xml:9:13-65
60-->src\main\AndroidManifest.xml:9:21-62
61
62                <category android:name="android.intent.category.HOME" />
62-->src\main\AndroidManifest.xml:48:17-73
62-->src\main\AndroidManifest.xml:48:27-70
63                <category android:name="android.intent.category.DEFAULT" />
63-->src\main\AndroidManifest.xml:49:17-76
63-->src\main\AndroidManifest.xml:49:27-73
64                <category android:name="android.intent.category.LAUNCHER" />
64-->src\main\AndroidManifest.xml:10:13-73
64-->src\main\AndroidManifest.xml:10:23-70
65            </intent-filter>
66        </activity>
67
68        <receiver
68-->src\main\AndroidManifest.xml:54:9-65:20
69            android:name="com.palma.minimal.launcher.AdminReceiver"
69-->src\main\AndroidManifest.xml:55:13-42
70            android:exported="true"
70-->src\main\AndroidManifest.xml:58:13-36
71            android:label="Minimal Launcher Screen Lock"
71-->src\main\AndroidManifest.xml:56:13-57
72            android:permission="android.permission.BIND_DEVICE_ADMIN" >
72-->src\main\AndroidManifest.xml:57:13-70
73            <meta-data
73-->src\main\AndroidManifest.xml:59:13-61:56
74                android:name="android.app.device_admin"
74-->src\main\AndroidManifest.xml:60:17-56
75                android:resource="@xml/device_admin" />
75-->src\main\AndroidManifest.xml:61:17-53
76
77            <intent-filter>
77-->src\main\AndroidManifest.xml:62:13-64:29
78                <action android:name="android.app.action.DEVICE_ADMIN_ENABLED" />
78-->src\main\AndroidManifest.xml:63:17-82
78-->src\main\AndroidManifest.xml:63:25-79
79            </intent-filter>
80        </receiver>
81
82        <provider
82-->[androidx.emoji2:emoji2:1.2.0] AndroidManifest.xml:24:9-32:20
83            android:name="androidx.startup.InitializationProvider"
83-->[androidx.emoji2:emoji2:1.2.0] AndroidManifest.xml:25:13-67
84            android:authorities="com.palma.minimal.launcher.androidx-startup"
84-->[androidx.emoji2:emoji2:1.2.0] AndroidManifest.xml:26:13-68
85            android:exported="false" >
85-->[androidx.emoji2:emoji2:1.2.0] AndroidManifest.xml:27:13-37
86            <meta-data
86-->[androidx.emoji2:emoji2:1.2.0] AndroidManifest.xml:29:13-31:52
87                android:name="androidx.emoji2.text.EmojiCompatInitializer"
87-->[androidx.emoji2:emoji2:1.2.0] AndroidManifest.xml:30:17-75
88                android:value="androidx.startup" />
88-->[androidx.emoji2:emoji2:1.2.0] AndroidManifest.xml:31:17-49
89            <meta-data
89-->[androidx.lifecycle:lifecycle-process:2.6.1] AndroidManifest.xml:29:13-31:52
90                android:name="androidx.lifecycle.ProcessLifecycleInitializer"
90-->[androidx.lifecycle:lifecycle-process:2.6.1] AndroidManifest.xml:30:17-78
91                android:value="androidx.startup" />
91-->[androidx.lifecycle:lifecycle-process:2.6.1] AndroidManifest.xml:31:17-49
92            <meta-data
92-->[androidx.profileinstaller:profileinstaller:1.3.0] AndroidManifest.xml:29:13-31:52
93                android:name="androidx.profileinstaller.ProfileInstallerInitializer"
93-->[androidx.profileinstaller:profileinstaller:1.3.0] AndroidManifest.xml:30:17-85
94                android:value="androidx.startup" />
94-->[androidx.profileinstaller:profileinstaller:1.3.0] AndroidManifest.xml:31:17-49
95        </provider>
96
97        <receiver
97-->[androidx.profileinstaller:profileinstaller:1.3.0] AndroidManifest.xml:34:9-52:20
98            android:name="androidx.profileinstaller.ProfileInstallReceiver"
98-->[androidx.profileinstaller:profileinstaller:1.3.0] AndroidManifest.xml:35:13-76
99            android:directBootAware="false"
99-->[androidx.profileinstaller:profileinstaller:1.3.0] AndroidManifest.xml:36:13-44
100            android:enabled="true"
100-->[androidx.profileinstaller:profileinstaller:1.3.0] AndroidManifest.xml:37:13-35
101            android:exported="true"
101-->[androidx.profileinstaller:profileinstaller:1.3.0] AndroidManifest.xml:38:13-36
102            android:permission="android.permission.DUMP" >
102-->[androidx.profileinstaller:profileinstaller:1.3.0] AndroidManifest.xml:39:13-57
103            <intent-filter>
103-->[androidx.profileinstaller:profileinstaller:1.3.0] AndroidManifest.xml:40:13-42:29
104                <action android:name="androidx.profileinstaller.action.INSTALL_PROFILE" />
104-->[androidx.profileinstaller:profileinstaller:1.3.0] AndroidManifest.xml:41:17-91
104-->[androidx.profileinstaller:profileinstaller:1.3.0] AndroidManifest.xml:41:25-88
105            </intent-filter>
106            <intent-filter>
106-->[androidx.profileinstaller:profileinstaller:1.3.0] AndroidManifest.xml:43:13-45:29
107                <action android:name="androidx.profileinstaller.action.SKIP_FILE" />
107-->[androidx.profileinstaller:profileinstaller:1.3.0] AndroidManifest.xml:44:17-85
107-->[androidx.profileinstaller:profileinstaller:1.3.0] AndroidManifest.xml:44:25-82
108            </intent-filter>
109            <intent-filter>
109-->[androidx.profileinstaller:profileinstaller:1.3.0] AndroidManifest.xml:46:13-48:29
110                <action android:name="androidx.profileinstaller.action.SAVE_PROFILE" />
110-->[androidx.profileinstaller:profileinstaller:1.3.0] AndroidManifest.xml:47:17-88
110-->[androidx.profileinstaller:profileinstaller:1.3.0] AndroidManifest.xml:47:25-85
111            </intent-filter>
112            <intent-filter>
112-->[androidx.profileinstaller:profileinstaller:1.3.0] AndroidManifest.xml:49:13-51:29
113                <action android:name="androidx.profileinstaller.action.BENCHMARK_OPERATION" />
113-->[androidx.profileinstaller:profileinstaller:1.3.0] AndroidManifest.xml:50:17-95
113-->[androidx.profileinstaller:profileinstaller:1.3.0] AndroidManifest.xml:50:25-92
114            </intent-filter>
115        </receiver>
116    </application>
117
118</manifest>